This file contains any messages produced by compilers while
running configure, to aid debugging if configure makes a mistake.

It was created by configure, which was
generated by GNU Autoconf 2.59.  Invocation command line was

  $ ./configure --sysconfdir=/etc

## --------- ##
## Platform. ##
## --------- ##

hostname = SeriousOne
uname -m = i686
uname -r = 4.8.0-kali2-686-pae
uname -s = Linux
uname -v = #1 SMP Debian 4.8.15-1kali1 (2016-12-23)

/usr/bin/uname -p = unknown
/bin/uname -X     = unknown

/bin/arch              = unknown
/usr/bin/arch -k       = unknown
/usr/convex/getsysinfo = unknown
hostinfo               = unknown
/bin/machine           = unknown
/usr/bin/oslevel       = unknown
/bin/universe          = unknown

PATH: /usr/local/bin
PATH: /usr/bin
PATH: /bin
PATH: /usr/local/games
PATH: /usr/games


## ----------- ##
## Core tests. ##
## ----------- ##

configure:1534: checking for intltool >= 0.30
configure:1544: result: 0.31.2 found
configure:1599: checking for perl
configure:1617: found /usr/bin/perl
configure:1629: result: /usr/bin/perl
configure:1647: checking for XML::Parser
configure:1650: result: ok
configure:1688: checking for a BSD-compatible install
configure:1743: result: /usr/bin/install -c
configure:1754: checking whether build environment is sane
configure:1797: result: yes
configure:1812: checking whether make sets $(MAKE)
configure:1832: result: yes
configure:1864: checking for working aclocal-1.4
configure:1875: result: missing
configure:1879: checking for working autoconf
configure:1886: result: found
configure:1894: checking for working automake-1.4
configure:1905: result: missing
configure:1909: checking for working autoheader
configure:1916: result: found
configure:1924: checking for working makeinfo
configure:1935: result: missing
configure:1945: checking whether to enable maintainer-specific portions of Makefiles
configure:1954: result: no
configure:2015: checking for gcc
configure:2031: found /usr/bin/gcc
configure:2041: result: gcc
configure:2285: checking for C compiler version
configure:2288: gcc --version </dev/null >&5
gcc (Debian 6.3.0-5) 6.3.0 20170124
Copyright (C) 2016 Free Software Foundation, Inc.
This is free software; see the source for copying conditions.  There is NO
warranty; not even for MERCHANTABILITY or FITNESS FOR A PARTICULAR PURPOSE.

configure:2291: $? = 0
configure:2293: gcc -v </dev/null >&5
Using built-in specs.
COLLECT_GCC=gcc
COLLECT_LTO_WRAPPER=/usr/lib/gcc/i686-linux-gnu/6/lto-wrapper
Target: i686-linux-gnu
Configured with: ../src/configure -v --with-pkgversion='Debian 6.3.0-5' --with-bugurl=file:///usr/share/doc/gcc-6/README.Bugs --enable-languages=c,ada,c++,java,go,d,fortran,objc,obj-c++ --prefix=/usr --program-suffix=-6 --program-prefix=i686-linux-gnu- --enable-shared --enable-linker-build-id --libexecdir=/usr/lib --without-included-gettext --enable-threads=posix --libdir=/usr/lib --enable-nls --with-sysroot=/ --enable-clocale=gnu --enable-libstdcxx-debug --enable-libstdcxx-time=yes --with-default-libstdcxx-abi=new --enable-gnu-unique-object --disable-vtable-verify --enable-libmpx --enable-plugin --enable-default-pie --with-system-zlib --disable-browser-plugin --enable-java-awt=gtk --enable-gtk-cairo --with-java-home=/usr/lib/jvm/java-1.5.0-gcj-6-i386/jre --enable-java-home --with-jvm-root-dir=/usr/lib/jvm/java-1.5.0-gcj-6-i386 --with-jvm-jar-dir=/usr/lib/jvm-exports/java-1.5.0-gcj-6-i386 --with-arch-directory=i386 --with-ecj-jar=/usr/share/java/eclipse-ecj.jar --with-target-system-zlib --enable-objc-gc=auto --enable-targets=all --enable-multiarch --with-arch-32=i686 --with-multilib-list=m32,m64,mx32 --enable-multilib --with-tune=generic --enable-checking=release --build=i686-linux-gnu --host=i686-linux-gnu --target=i686-linux-gnu
Thread model: posix
gcc version 6.3.0 20170124 (Debian 6.3.0-5) 
configure:2296: $? = 0
configure:2298: gcc -V </dev/null >&5
gcc: error: unrecognized command line option '-V'
gcc: fatal error: no input files
compilation terminated.
configure:2301: $? = 1
configure:2324: checking for C compiler default output file name
configure:2327: gcc    conftest.c  >&5
configure:2330: $? = 0
configure:2376: result: a.out
configure:2381: checking whether the C compiler works
configure:2387: ./a.out
configure:2390: $? = 0
configure:2407: result: yes
configure:2414: checking whether we are cross compiling
configure:2416: result: no
configure:2419: checking for suffix of executables
configure:2421: gcc -o conftest    conftest.c  >&5
configure:2424: $? = 0
configure:2449: result: 
configure:2455: checking for suffix of object files
configure:2476: gcc -c   conftest.c >&5
configure:2479: $? = 0
configure:2501: result: o
configure:2505: checking whether we are using the GNU C compiler
configure:2529: gcc -c   conftest.c >&5
configure:2535: $? = 0
configure:2539: test -z 
			 || test ! -s conftest.err
configure:2542: $? = 0
configure:2545: test -s conftest.o
configure:2548: $? = 0
configure:2561: result: yes
configure:2567: checking whether gcc accepts -g
configure:2588: gcc -c -g  conftest.c >&5
configure:2594: $? = 0
configure:2598: test -z 
			 || test ! -s conftest.err
configure:2601: $? = 0
configure:2604: test -s conftest.o
configure:2607: $? = 0
configure:2618: result: yes
configure:2635: checking for gcc option to accept ANSI C
configure:2705: gcc  -c -g -O2  conftest.c >&5
configure:2711: $? = 0
configure:2715: test -z 
			 || test ! -s conftest.err
configure:2718: $? = 0
configure:2721: test -s conftest.o
configure:2724: $? = 0
configure:2742: result: none needed
configure:2760: gcc -c -g -O2  conftest.c >&5
conftest.c:2:3: error: unknown type name 'choke'
   choke me
   ^~~~~
conftest.c:2:3: error: expected '=', ',', ';', 'asm' or '__attribute__' at end of input
configure:2766: $? = 1
configure: failed program was:
| #ifndef __cplusplus
|   choke me
| #endif
configure:2900: checking for library containing strerror
configure:2930: gcc -o conftest -g -O2   conftest.c  >&5
configure:2936: $? = 0
configure:2940: test -z 
			 || test ! -s conftest.err
configure:2943: $? = 0
configure:2946: test -s conftest
configure:2949: $? = 0
configure:3019: result: none required
configure:3072: checking for gcc
configure:3098: result: gcc
configure:3342: checking for C compiler version
configure:3345: gcc --version </dev/null >&5
gcc (Debian 6.3.0-5) 6.3.0 20170124
Copyright (C) 2016 Free Software Foundation, Inc.
This is free software; see the source for copying conditions.  There is NO
warranty; not even for MERCHANTABILITY or FITNESS FOR A PARTICULAR PURPOSE.

configure:3348: $? = 0
configure:3350: gcc -v </dev/null >&5
Using built-in specs.
COLLECT_GCC=gcc
COLLECT_LTO_WRAPPER=/usr/lib/gcc/i686-linux-gnu/6/lto-wrapper
Target: i686-linux-gnu
Configured with: ../src/configure -v --with-pkgversion='Debian 6.3.0-5' --with-bugurl=file:///usr/share/doc/gcc-6/README.Bugs --enable-languages=c,ada,c++,java,go,d,fortran,objc,obj-c++ --prefix=/usr --program-suffix=-6 --program-prefix=i686-linux-gnu- --enable-shared --enable-linker-build-id --libexecdir=/usr/lib --without-included-gettext --enable-threads=posix --libdir=/usr/lib --enable-nls --with-sysroot=/ --enable-clocale=gnu --enable-libstdcxx-debug --enable-libstdcxx-time=yes --with-default-libstdcxx-abi=new --enable-gnu-unique-object --disable-vtable-verify --enable-libmpx --enable-plugin --enable-default-pie --with-system-zlib --disable-browser-plugin --enable-java-awt=gtk --enable-gtk-cairo --with-java-home=/usr/lib/jvm/java-1.5.0-gcj-6-i386/jre --enable-java-home --with-jvm-root-dir=/usr/lib/jvm/java-1.5.0-gcj-6-i386 --with-jvm-jar-dir=/usr/lib/jvm-exports/java-1.5.0-gcj-6-i386 --with-arch-directory=i386 --with-ecj-jar=/usr/share/java/eclipse-ecj.jar --with-target-system-zlib --enable-objc-gc=auto --enable-targets=all --enable-multiarch --with-arch-32=i686 --with-multilib-list=m32,m64,mx32 --enable-multilib --with-tune=generic --enable-checking=release --build=i686-linux-gnu --host=i686-linux-gnu --target=i686-linux-gnu
Thread model: posix
gcc version 6.3.0 20170124 (Debian 6.3.0-5) 
configure:3353: $? = 0
configure:3355: gcc -V </dev/null >&5
gcc: error: unrecognized command line option '-V'
gcc: fatal error: no input files
compilation terminated.
configure:3358: $? = 1
configure:3361: checking whether we are using the GNU C compiler
configure:3417: result: yes
configure:3423: checking whether gcc accepts -g
configure:3474: result: yes
configure:3491: checking for gcc option to accept ANSI C
configure:3598: result: none needed
configure:3616: gcc -c -g -O2  conftest.c >&5
conftest.c:2:3: error: unknown type name 'choke'
   choke me
   ^~~~~
conftest.c:2:3: error: expected '=', ',', ';', 'asm' or '__attribute__' at end of input
configure:3622: $? = 1
configure: failed program was:
| #ifndef __cplusplus
|   choke me
| #endif
configure:3758: checking for gcc option to accept ANSI C
configure:3820: gcc  -c -g -O2  conftest.c >&5
configure:3826: $? = 0
configure:3830: test -z 
			 || test ! -s conftest.err
configure:3833: $? = 0
configure:3836: test -s conftest.o
configure:3839: $? = 0
configure:3854: result: none needed
configure:3870: checking how to run the C preprocessor
configure:3905: gcc -E  conftest.c
configure:3911: $? = 0
configure:3943: gcc -E  conftest.c
conftest.c:11:28: fatal error: ac_nonexistent.h: No such file or directory
 #include <ac_nonexistent.h>
                            ^
compilation terminated.
configure:3949: $? = 1
configure: failed program was:
| /* confdefs.h.  */
| 
| #define PACKAGE_NAME ""
| #define PACKAGE_TARNAME ""
| #define PACKAGE_VERSION ""
| #define PACKAGE_STRING ""
| #define PACKAGE_BUGREPORT ""
| #define PACKAGE "firestarter"
| #define VERSION "1.0.3"
| /* end confdefs.h.  */
| #include <ac_nonexistent.h>
configure:3988: result: gcc -E
configure:4012: gcc -E  conftest.c
configure:4018: $? = 0
configure:4050: gcc -E  conftest.c
conftest.c:11:28: fatal error: ac_nonexistent.h: No such file or directory
 #include <ac_nonexistent.h>
                            ^
compilation terminated.
configure:4056: $? = 1
configure: failed program was:
| /* confdefs.h.  */
| 
| #define PACKAGE_NAME ""
| #define PACKAGE_TARNAME ""
| #define PACKAGE_VERSION ""
| #define PACKAGE_STRING ""
| #define PACKAGE_BUGREPORT ""
| #define PACKAGE "firestarter"
| #define VERSION "1.0.3"
| /* end confdefs.h.  */
| #include <ac_nonexistent.h>
configure:4100: checking for egrep
configure:4110: result: grep -E
configure:4115: checking for ANSI C header files
configure:4140: gcc -c -g -O2  conftest.c >&5
configure:4146: $? = 0
configure:4150: test -z 
			 || test ! -s conftest.err
configure:4153: $? = 0
configure:4156: test -s conftest.o
configure:4159: $? = 0
configure:4248: gcc -o conftest -g -O2   conftest.c  >&5
conftest.c: In function 'main':
conftest.c:28:7: warning: implicit declaration of function 'exit' [-Wimplicit-function-declaration]
       exit(2);
       ^~~~
conftest.c:28:7: warning: incompatible implicit declaration of built-in function 'exit'
conftest.c:28:7: note: include '<stdlib.h>' or provide a declaration of 'exit'
conftest.c:29:3: warning: incompatible implicit declaration of built-in function 'exit'
   exit (0);
   ^~~~
conftest.c:29:3: note: include '<stdlib.h>' or provide a declaration of 'exit'
configure:4251: $? = 0
configure:4253: ./conftest
configure:4256: $? = 0
configure:4271: result: yes
configure:4294: checking for a BSD-compatible install
configure:4349: result: /usr/bin/install -c
configure:4360: checking whether make sets $(MAKE)
configure:4380: result: yes
configure:4467: checking build system type
configure:4485: result: i686-pc-linux-gnu
configure:4493: checking host system type
configure:4507: result: i686-pc-linux-gnu
configure:4515: checking for a sed that does not truncate output
configure:4569: result: /bin/sed
configure:4583: checking for ld used by gcc
configure:4650: result: /usr/bin/ld
configure:4659: checking if the linker (/usr/bin/ld) is GNU ld
configure:4674: result: yes
configure:4679: checking for /usr/bin/ld option to reload object files
configure:4686: result: -r
configure:4695: checking for BSD-compatible nm
configure:4737: result: /usr/bin/nm -B
configure:4741: checking whether ln -s works
configure:4745: result: yes
configure:4752: checking how to recognise dependent libraries
configure:4935: result: pass_all
configure:5157: checking for sys/types.h
configure:5173: gcc -c -g -O2  conftest.c >&5
configure:5179: $? = 0
configure:5183: test -z 
			 || test ! -s conftest.err
configure:5186: $? = 0
configure:5189: test -s conftest.o
configure:5192: $? = 0
configure:5203: result: yes
configure:5157: checking for sys/stat.h
configure:5173: gcc -c -g -O2  conftest.c >&5
configure:5179: $? = 0
configure:5183: test -z 
			 || test ! -s conftest.err
configure:5186: $? = 0
configure:5189: test -s conftest.o
configure:5192: $? = 0
configure:5203: result: yes
configure:5157: checking for stdlib.h
configure:5173: gcc -c -g -O2  conftest.c >&5
configure:5179: $? = 0
configure:5183: test -z 
			 || test ! -s conftest.err
configure:5186: $? = 0
configure:5189: test -s conftest.o
configure:5192: $? = 0
configure:5203: result: yes
configure:5157: checking for string.h
configure:5173: gcc -c -g -O2  conftest.c >&5
configure:5179: $? = 0
configure:5183: test -z 
			 || test ! -s conftest.err
configure:5186: $? = 0
configure:5189: test -s conftest.o
configure:5192: $? = 0
configure:5203: result: yes
configure:5157: checking for memory.h
configure:5173: gcc -c -g -O2  conftest.c >&5
configure:5179: $? = 0
configure:5183: test -z 
			 || test ! -s conftest.err
configure:5186: $? = 0
configure:5189: test -s conftest.o
configure:5192: $? = 0
configure:5203: result: yes
configure:5157: checking for strings.h
configure:5173: gcc -c -g -O2  conftest.c >&5
configure:5179: $? = 0
configure:5183: test -z 
			 || test ! -s conftest.err
configure:5186: $? = 0
configure:5189: test -s conftest.o
configure:5192: $? = 0
configure:5203: result: yes
configure:5157: checking for inttypes.h
configure:5173: gcc -c -g -O2  conftest.c >&5
configure:5179: $? = 0
configure:5183: test -z 
			 || test ! -s conftest.err
configure:5186: $? = 0
configure:5189: test -s conftest.o
configure:5192: $? = 0
configure:5203: result: yes
configure:5157: checking for stdint.h
configure:5173: gcc -c -g -O2  conftest.c >&5
configure:5179: $? = 0
configure:5183: test -z 
			 || test ! -s conftest.err
configure:5186: $? = 0
configure:5189: test -s conftest.o
configure:5192: $? = 0
configure:5203: result: yes
configure:5157: checking for unistd.h
configure:5173: gcc -c -g -O2  conftest.c >&5
configure:5179: $? = 0
configure:5183: test -z 
			 || test ! -s conftest.err
configure:5186: $? = 0
configure:5189: test -s conftest.o
configure:5192: $? = 0
configure:5203: result: yes
configure:5229: checking dlfcn.h usability
configure:5241: gcc -c -g -O2  conftest.c >&5
configure:5247: $? = 0
configure:5251: test -z 
			 || test ! -s conftest.err
configure:5254: $? = 0
configure:5257: test -s conftest.o
configure:5260: $? = 0
configure:5270: result: yes
configure:5274: checking dlfcn.h presence
configure:5284: gcc -E  conftest.c
configure:5290: $? = 0
configure:5310: result: yes
configure:5345: checking for dlfcn.h
configure:5352: result: yes
configure:5417: checking for g++
configure:5433: found /usr/bin/g++
configure:5443: result: g++
configure:5459: checking for C++ compiler version
configure:5462: g++ --version </dev/null >&5
g++ (Debian 6.3.0-5) 6.3.0 20170124
Copyright (C) 2016 Free Software Foundation, Inc.
This is free software; see the source for copying conditions.  There is NO
warranty; not even for MERCHANTABILITY or FITNESS FOR A PARTICULAR PURPOSE.

configure:5465: $? = 0
configure:5467: g++ -v </dev/null >&5
Using built-in specs.
COLLECT_GCC=g++
COLLECT_LTO_WRAPPER=/usr/lib/gcc/i686-linux-gnu/6/lto-wrapper
Target: i686-linux-gnu
Configured with: ../src/configure -v --with-pkgversion='Debian 6.3.0-5' --with-bugurl=file:///usr/share/doc/gcc-6/README.Bugs --enable-languages=c,ada,c++,java,go,d,fortran,objc,obj-c++ --prefix=/usr --program-suffix=-6 --program-prefix=i686-linux-gnu- --enable-shared --enable-linker-build-id --libexecdir=/usr/lib --without-included-gettext --enable-threads=posix --libdir=/usr/lib --enable-nls --with-sysroot=/ --enable-clocale=gnu --enable-libstdcxx-debug --enable-libstdcxx-time=yes --with-default-libstdcxx-abi=new --enable-gnu-unique-object --disable-vtable-verify --enable-libmpx --enable-plugin --enable-default-pie --with-system-zlib --disable-browser-plugin --enable-java-awt=gtk --enable-gtk-cairo --with-java-home=/usr/lib/jvm/java-1.5.0-gcj-6-i386/jre --enable-java-home --with-jvm-root-dir=/usr/lib/jvm/java-1.5.0-gcj-6-i386 --with-jvm-jar-dir=/usr/lib/jvm-exports/java-1.5.0-gcj-6-i386 --with-arch-directory=i386 --with-ecj-jar=/usr/share/java/eclipse-ecj.jar --with-target-system-zlib --enable-objc-gc=auto --enable-targets=all --enable-multiarch --with-arch-32=i686 --with-multilib-list=m32,m64,mx32 --enable-multilib --with-tune=generic --enable-checking=release --build=i686-linux-gnu --host=i686-linux-gnu --target=i686-linux-gnu
Thread model: posix
gcc version 6.3.0 20170124 (Debian 6.3.0-5) 
configure:5470: $? = 0
configure:5472: g++ -V </dev/null >&5
g++: error: unrecognized command line option '-V'
g++: fatal error: no input files
compilation terminated.
configure:5475: $? = 1
configure:5478: checking whether we are using the GNU C++ compiler
configure:5502: g++ -c   conftest.cc >&5
configure:5508: $? = 0
configure:5512: test -z 
			 || test ! -s conftest.err
configure:5515: $? = 0
configure:5518: test -s conftest.o
configure:5521: $? = 0
configure:5534: result: yes
configure:5540: checking whether g++ accepts -g
configure:5561: g++ -c -g  conftest.cc >&5
configure:5567: $? = 0
configure:5571: test -z 
			 || test ! -s conftest.err
configure:5574: $? = 0
configure:5577: test -s conftest.o
configure:5580: $? = 0
configure:5591: result: yes
configure:5633: g++ -c -g -O2  conftest.cc >&5
configure:5639: $? = 0
configure:5643: test -z 
			 || test ! -s conftest.err
configure:5646: $? = 0
configure:5649: test -s conftest.o
configure:5652: $? = 0
configure:5678: g++ -c -g -O2  conftest.cc >&5
conftest.cc: In function 'int main()':
conftest.cc:26:9: error: 'exit' was not declared in this scope
 exit (42);
         ^
configure:5684: $? = 1
configure: failed program was:
| /* confdefs.h.  */
| 
| #define PACKAGE_NAME ""
| #define PACKAGE_TARNAME ""
| #define PACKAGE_VERSION ""
| #define PACKAGE_STRING ""
| #define PACKAGE_BUGREPORT ""
| #define PACKAGE "firestarter"
| #define VERSION "1.0.3"
| #define STDC_HEADERS 1
| #define HAVE_SYS_TYPES_H 1
| #define HAVE_SYS_STAT_H 1
| #define HAVE_STDLIB_H 1
| #define HAVE_STRING_H 1
| #define HAVE_MEMORY_H 1
| #define HAVE_STRINGS_H 1
| #define HAVE_INTTYPES_H 1
| #define HAVE_STDINT_H 1
| #define HAVE_UNISTD_H 1
| #define HAVE_DLFCN_H 1
| /* end confdefs.h.  */
| 
| int
| main ()
| {
| exit (42);
|   ;
|   return 0;
| }
configure:5633: g++ -c -g -O2  conftest.cc >&5
configure:5639: $? = 0
configure:5643: test -z 
			 || test ! -s conftest.err
configure:5646: $? = 0
configure:5649: test -s conftest.o
configure:5652: $? = 0
configure:5678: g++ -c -g -O2  conftest.cc >&5
configure:5684: $? = 0
configure:5688: test -z 
			 || test ! -s conftest.err
configure:5691: $? = 0
configure:5694: test -s conftest.o
configure:5697: $? = 0
configure:5725: checking how to run the C++ preprocessor
configure:5756: g++ -E  conftest.cc
configure:5762: $? = 0
configure:5794: g++ -E  conftest.cc
conftest.cc:25:28: fatal error: ac_nonexistent.h: No such file or directory
 #include <ac_nonexistent.h>
                            ^
compilation terminated.
configure:5800: $? = 1
configure: failed program was:
| /* confdefs.h.  */
| 
| #define PACKAGE_NAME ""
| #define PACKAGE_TARNAME ""
| #define PACKAGE_VERSION ""
| #define PACKAGE_STRING ""
| #define PACKAGE_BUGREPORT ""
| #define PACKAGE "firestarter"
| #define VERSION "1.0.3"
| #define STDC_HEADERS 1
| #define HAVE_SYS_TYPES_H 1
| #define HAVE_SYS_STAT_H 1
| #define HAVE_STDLIB_H 1
| #define HAVE_STRING_H 1
| #define HAVE_MEMORY_H 1
| #define HAVE_STRINGS_H 1
| #define HAVE_INTTYPES_H 1
| #define HAVE_STDINT_H 1
| #define HAVE_UNISTD_H 1
| #define HAVE_DLFCN_H 1
| #ifdef __cplusplus
| extern "C" void std::exit (int) throw (); using std::exit;
| #endif
| /* end confdefs.h.  */
| #include <ac_nonexistent.h>
configure:5839: result: g++ -E
configure:5863: g++ -E  conftest.cc
configure:5869: $? = 0
configure:5901: g++ -E  conftest.cc
conftest.cc:25:28: fatal error: ac_nonexistent.h: No such file or directory
 #include <ac_nonexistent.h>
                            ^
compilation terminated.
configure:5907: $? = 1
configure: failed program was:
| /* confdefs.h.  */
| 
| #define PACKAGE_NAME ""
| #define PACKAGE_TARNAME ""
| #define PACKAGE_VERSION ""
| #define PACKAGE_STRING ""
| #define PACKAGE_BUGREPORT ""
| #define PACKAGE "firestarter"
| #define VERSION "1.0.3"
| #define STDC_HEADERS 1
| #define HAVE_SYS_TYPES_H 1
| #define HAVE_SYS_STAT_H 1
| #define HAVE_STDLIB_H 1
| #define HAVE_STRING_H 1
| #define HAVE_MEMORY_H 1
| #define HAVE_STRINGS_H 1
| #define HAVE_INTTYPES_H 1
| #define HAVE_STDINT_H 1
| #define HAVE_UNISTD_H 1
| #define HAVE_DLFCN_H 1
| #ifdef __cplusplus
| extern "C" void std::exit (int) throw (); using std::exit;
| #endif
| /* end confdefs.h.  */
| #include <ac_nonexistent.h>
configure:6002: checking for g77
configure:6031: result: no
configure:6002: checking for f77
configure:6031: result: no
configure:6002: checking for xlf
configure:6031: result: no
configure:6002: checking for frt
configure:6031: result: no
configure:6002: checking for pgf77
configure:6031: result: no
configure:6002: checking for fort77
configure:6031: result: no
configure:6002: checking for fl32
configure:6031: result: no
configure:6002: checking for af77
configure:6031: result: no
configure:6002: checking for f90
configure:6031: result: no
configure:6002: checking for xlf90
configure:6031: result: no
configure:6002: checking for pgf90
configure:6031: result: no
configure:6002: checking for epcf90
configure:6031: result: no
configure:6002: checking for f95
configure:6031: result: no
configure:6002: checking for fort
configure:6031: result: no
configure:6002: checking for xlf95
configure:6031: result: no
configure:6002: checking for ifc
configure:6031: result: no
configure:6002: checking for efc
configure:6031: result: no
configure:6002: checking for pgf95
configure:6031: result: no
configure:6002: checking for lf95
configure:6031: result: no
configure:6002: checking for gfortran
configure:6031: result: no
configure:6043: checking for Fortran 77 compiler version
configure:6046:  --version </dev/null >&5
./configure: line 6047: --version: command not found
configure:6049: $? = 127
configure:6051:  -v </dev/null >&5
./configure: line 6052: -v: command not found
configure:6054: $? = 127
configure:6056:  -V </dev/null >&5
./configure: line 6057: -V: command not found
configure:6059: $? = 127
configure:6067: checking whether we are using the GNU Fortran 77 compiler
configure:6081:  -c  conftest.F >&5
./configure: line 6082: -c: command not found
configure:6087: $? = 127
configure: failed program was:
|       program main
| #ifndef __GNUC__
|        choke me
| #endif
| 
|       end
configure:6113: result: no
configure:6119: checking whether  accepts -g
configure:6131:  -c -g conftest.f >&5
./configure: line 6132: -c: command not found
configure:6137: $? = 127
configure: failed program was:
|       program main
| 
|       end
configure:6162: result: no
configure:6192: checking the maximum length of command line arguments
configure:6257: result: 32768
configure:6268: checking command to parse /usr/bin/nm -B output from gcc object
configure:6357: gcc -c -g -O2  conftest.c >&5
configure:6360: $? = 0
configure:6364: /usr/bin/nm -B conftest.o \| sed -n -e 's/^.*[ 	]\([ABCDGIRSTW][ABCDGIRSTW]*\)[ 	][ 	]*\(\)\([_A-Za-z][_A-Za-z0-9]*\)$/\1 \2\3 \3/p' \> conftest.nm
configure:6367: $? = 0
configure:6419: gcc -o conftest -g -O2   conftest.c conftstm.o >&5
configure:6422: $? = 0
configure:6460: result: ok
configure:6464: checking for objdir
configure:6479: result: .libs
configure:6569: checking for ar
configure:6585: found /usr/bin/ar
configure:6596: result: ar
configure:6649: checking for ranlib
configure:6665: found /usr/bin/ranlib
configure:6676: result: ranlib
configure:6729: checking for strip
configure:6745: found /usr/bin/strip
configure:6756: result: strip
configure:7018: checking if gcc static flag  works
configure:7041: result: yes
configure:7059: checking if gcc supports -fno-rtti -fno-exceptions
configure:7077: gcc -c -g -O2  -fno-rtti -fno-exceptions conftest.c >&5
cc1: warning: command line option '-fno-rtti' is valid for C++/ObjC++ but not for C
configure:7081: $? = 0
configure:7092: result: no
configure:7107: checking for gcc option to produce PIC
configure:7284: result: -fPIC
configure:7292: checking if gcc PIC flag -fPIC works
configure:7310: gcc -c -g -O2  -fPIC -DPIC conftest.c >&5
configure:7314: $? = 0
configure:7325: result: yes
configure:7349: checking if gcc supports -c -o file.o
configure:7370: gcc -c -g -O2  -o out/conftest2.o conftest.c >&5
configure:7374: $? = 0
configure:7394: result: yes
configure:7420: checking whether the gcc linker (/usr/bin/ld) supports shared libraries
configure:8268: result: yes
configure:8294: checking whether -lc should be explicitly linked in
configure:8299: gcc -c -g -O2  conftest.c >&5
configure:8302: $? = 0
configure:8316: gcc -shared conftest.o  -v -Wl,-soname -Wl,conftest -o conftest 2\>\&1 \| grep  -lc  \>/dev/null 2\>\&1
configure:8319: $? = 0
configure:8331: result: no
configure:8339: checking dynamic linker characteristics
configure:8900: result: GNU/Linux ld.so
configure:8904: checking how to hardcode library paths into programs
configure:8929: result: immediate
configure:8943: checking whether stripping libraries is possible
configure:8948: result: yes
configure:9778: checking if libtool supports shared libraries
configure:9780: result: yes
configure:9783: checking whether to build shared libraries
configure:9841: result: yes
configure:9844: checking whether to build static libraries
configure:9848: result: yes
configure:9940: creating libtool
configure:10487: checking for ld used by g++
configure:10554: result: /usr/bin/ld
configure:10563: checking if the linker (/usr/bin/ld) is GNU ld
configure:10578: result: yes
configure:10629: checking whether the g++ linker (/usr/bin/ld) supports shared libraries
configure:11457: result: yes
configure:11475: g++ -c -g -O2  conftest.cc >&5
configure:11478: $? = 0
configure:11574: checking for g++ option to produce PIC
configure:11826: result: -fPIC
configure:11834: checking if g++ PIC flag -fPIC works
configure:11852: g++ -c -g -O2  -fPIC -DPIC conftest.cc >&5
configure:11856: $? = 0
configure:11867: result: yes
configure:11891: checking if g++ supports -c -o file.o
configure:11912: g++ -c -g -O2  -o out/conftest2.o conftest.cc >&5
configure:11916: $? = 0
configure:11936: result: yes
configure:11962: checking whether the g++ linker (/usr/bin/ld) supports shared libraries
configure:11987: result: yes
configure:12058: checking dynamic linker characteristics
configure:12619: result: GNU/Linux ld.so
configure:12623: checking how to hardcode library paths into programs
configure:12648: result: immediate
configure:12662: checking whether stripping libraries is possible
configure:12667: result: yes
configure:20047: checking what warning flags to pass to the C compiler
configure:20049: result: -Wall -Wmissing-prototypes
configure:20060: checking what language compliance flags to pass to the C compiler
configure:20075: result: 
configure:20097: result: Using config source xml:merged:/etc/gconf/gconf.xml.defaults for schema installation
configure:20112: result: Using $(sysconfdir)/gconf/schemas as install directory for schema files
configure:20141: checking for gconftool-2
configure:20159: found /usr/bin/gconftool-2
configure:20172: result: /usr/bin/gconftool-2
configure:20198: checking for pkg-config
configure:20216: found /usr/bin/pkg-config
configure:20229: result: /usr/bin/pkg-config
configure:20250: checking for libgnome-2.0 >= 2.0.0
                  libgnomeui-2.0 >= 2.0.0
                  gtk+-2.0 >= 2.4.0
                  gnome-vfs-2.0 >= 2.6.0
		  libglade-2.0 >= 2.3.6
configure:20262: result: yes
configure:20266: checking FIRESTARTER_CFLAGS
configure:20273: result: -D_REENTRANT -DORBIT2=1 -pthread -I/usr/include/libgnomeui-2.0 -I/usr/include/gnome-keyring-1 -I/usr/include/libbonoboui-2.0 -I/usr/include/libgnome-2.0 -I/usr/include/libbonobo-2.0 -I/usr/include/bonobo-activation-2.0 -I/usr/include/orbit-2.0 -I/usr/include/libgnomecanvas-2.0 -I/usr/include/gail-1.0 -I/usr/include/libart-2.0 -I/usr/include/gnome-vfs-2.0 -I/usr/lib/i386-linux-gnu/gnome-vfs-2.0/include -I/usr/include/gconf/2 -I/usr/include/dbus-1.0 -I/usr/lib/i386-linux-gnu/dbus-1.0/include -I/usr/include/libglade-2.0 -I/usr/include/gtk-2.0 -I/usr/lib/i386-linux-gnu/gtk-2.0/include -I/usr/include/gio-unix-2.0/ -I/usr/include/cairo -I/usr/include/pango-1.0 -I/usr/include/atk-1.0 -I/usr/include/cairo -I/usr/include/pixman-1 -I/usr/include/libpng16 -I/usr/include/gdk-pixbuf-2.0 -I/usr/include/libpng16 -I/usr/include/pango-1.0 -I/usr/include/harfbuzz -I/usr/include/pango-1.0 -I/usr/include/glib-2.0 -I/usr/lib/i386-linux-gnu/glib-2.0/include -I/usr/include/freetype2 -I/usr/include/libxml2
configure:20276: checking FIRESTARTER_LIBS
configure:20283: result: -lgnomeui-2 -lSM -lICE -lbonoboui-2 -lgnome-2 -lpopt -lbonobo-2 -lbonobo-activation -lORBit-2 -lgnomecanvas-2 -lart_lgpl_2 -lgnomevfs-2 -lgconf-2 -lgthread-2.0 -pthread -lgmodule-2.0 -pthread -lglade-2.0 -lgtk-x11-2.0 -lgdk-x11-2.0 -lpangocairo-1.0 -latk-1.0 -lcairo -lgdk_pixbuf-2.0 -lgio-2.0 -lpangoft2-1.0 -lpango-1.0 -lgobject-2.0 -lglib-2.0 -lfontconfig -lfreetype -lxml2
configure:20341: result: Using config source xml:merged:/etc/gconf/gconf.xml.defaults for schema installation
configure:20356: result: Using $(sysconfdir)/gconf/schemas as install directory for schema files
configure:20406: checking locale.h usability
configure:20418: gcc -c -g -O2  conftest.c >&5
configure:20424: $? = 0
configure:20428: test -z 
			 || test ! -s conftest.err
configure:20431: $? = 0
configure:20434: test -s conftest.o
configure:20437: $? = 0
configure:20447: result: yes
configure:20451: checking locale.h presence
configure:20461: gcc -E  conftest.c
configure:20467: $? = 0
configure:20487: result: yes
configure:20522: checking for locale.h
configure:20529: result: yes
configure:20543: checking for LC_MESSAGES
configure:20564: gcc -o conftest -g -O2   conftest.c  >&5
configure:20570: $? = 0
configure:20574: test -z 
			 || test ! -s conftest.err
configure:20577: $? = 0
configure:20580: test -s conftest
configure:20583: $? = 0
configure:20595: result: yes
configure:20624: checking libintl.h usability
configure:20636: gcc -c -g -O2  conftest.c >&5
configure:20642: $? = 0
configure:20646: test -z 
			 || test ! -s conftest.err
configure:20649: $? = 0
configure:20652: test -s conftest.o
configure:20655: $? = 0
configure:20665: result: yes
configure:20669: checking libintl.h presence
configure:20679: gcc -E  conftest.c
configure:20685: $? = 0
configure:20705: result: yes
configure:20740: checking for libintl.h
configure:20747: result: yes
configure:20758: checking for dgettext in libc
configure:20781: gcc -o conftest -g -O2   conftest.c  >&5
configure:20787: $? = 0
configure:20791: test -z 
			 || test ! -s conftest.err
configure:20794: $? = 0
configure:20797: test -s conftest
configure:20800: $? = 0
configure:20813: result: yes
configure:20821: checking for bind_textdomain_codeset
configure:20878: gcc -o conftest -g -O2   conftest.c  >&5
configure:20884: $? = 0
configure:20888: test -z 
			 || test ! -s conftest.err
configure:20891: $? = 0
configure:20894: test -s conftest
configure:20897: $? = 0
configure:20909: result: yes
configure:21281: checking for msgfmt
configure:21308: result: /usr/bin/msgfmt
configure:21321: checking for dcgettext
configure:21378: gcc -o conftest -g -O2   conftest.c   >&5
conftest.c:54:6: warning: conflicting types for built-in function 'dcgettext'
 char dcgettext ();
      ^~~~~~~~~
configure:21384: $? = 0
configure:21388: test -z 
			 || test ! -s conftest.err
configure:21391: $? = 0
configure:21394: test -s conftest
configure:21397: $? = 0
configure:21409: result: yes
configure:21421: checking for gmsgfmt
configure:21452: result: /usr/bin/msgfmt
configure:21461: checking for xgettext
configure:21488: result: /usr/bin/xgettext
configure:21512: gcc -o conftest -g -O2   conftest.c   >&5
configure:21518: $? = 0
configure:21522: test -z 
			 || test ! -s conftest.err
configure:21525: $? = 0
configure:21528: test -s conftest
configure:21531: $? = 0
configure:21704: checking for catalogs to be installed
configure:21729: result:  az ca cs da de el en_CA en_GB es fi fr ga hr hu it ja ko lv ml nb nl no pa pl pt pt_BR ro ru sk sq sr sr@Latn sv tr uk vi zh_CN zh_TW
configure:21881: creating ./config.status

## ---------------------- ##
## Running config.status. ##
## ---------------------- ##

This file was extended by config.status, which was
generated by GNU Autoconf 2.59.  Invocation command line was

  CONFIG_FILES    = 
  CONFIG_HEADERS  = 
  CONFIG_LINKS    = 
  CONFIG_COMMANDS = 
  $ ./config.status 

on SeriousOne

config.status:751: creating Makefile
config.status:751: creating firestarter.spec
config.status:751: creating src/Makefile
config.status:751: creating src/xpm/Makefile
config.status:751: creating po/Makefile.in
config.status:751: creating pixmaps/Makefile
config.status:751: creating scripts/Makefile
config.status:855: creating config.h
config.status:1137: executing default-1 commands
config.status:1137: executing default-2 commands
config.status:1137: executing default-3 commands

## ---------------- ##
## Cache variables. ##
## ---------------- ##

ac_cv_build=i686-pc-linux-gnu
ac_cv_build_alias=i686-pc-linux-gnu
ac_cv_c_compiler_gnu=yes
ac_cv_cxx_compiler_gnu=yes
ac_cv_env_CC_set=
ac_cv_env_CC_value=
ac_cv_env_CFLAGS_set=
ac_cv_env_CFLAGS_value=
ac_cv_env_CPPFLAGS_set=
ac_cv_env_CPPFLAGS_value=
ac_cv_env_CPP_set=
ac_cv_env_CPP_value=
ac_cv_env_CXXCPP_set=
ac_cv_env_CXXCPP_value=
ac_cv_env_CXXFLAGS_set=
ac_cv_env_CXXFLAGS_value=
ac_cv_env_CXX_set=
ac_cv_env_CXX_value=
ac_cv_env_F77_set=
ac_cv_env_F77_value=
ac_cv_env_FFLAGS_set=
ac_cv_env_FFLAGS_value=
ac_cv_env_LDFLAGS_set=
ac_cv_env_LDFLAGS_value=
ac_cv_env_build_alias_set=
ac_cv_env_build_alias_value=
ac_cv_env_host_alias_set=
ac_cv_env_host_alias_value=
ac_cv_env_target_alias_set=
ac_cv_env_target_alias_value=
ac_cv_exeext=
ac_cv_f77_compiler_gnu=no
ac_cv_func_bind_textdomain_codeset=yes
ac_cv_func_dcgettext=yes
ac_cv_header_dlfcn_h=yes
ac_cv_header_inttypes_h=yes
ac_cv_header_libintl_h=yes
ac_cv_header_locale_h=yes
ac_cv_header_memory_h=yes
ac_cv_header_stdc=yes
ac_cv_header_stdint_h=yes
ac_cv_header_stdlib_h=yes
ac_cv_header_string_h=yes
ac_cv_header_strings_h=yes
ac_cv_header_sys_stat_h=yes
ac_cv_header_sys_types_h=yes
ac_cv_header_unistd_h=yes
ac_cv_host=i686-pc-linux-gnu
ac_cv_host_alias=i686-pc-linux-gnu
ac_cv_objext=o
ac_cv_path_GCONFTOOL=/usr/bin/gconftool-2
ac_cv_path_GMSGFMT=/usr/bin/msgfmt
ac_cv_path_INTLTOOL_PERL=/usr/bin/perl
ac_cv_path_MSGFMT=/usr/bin/msgfmt
ac_cv_path_PKG_CONFIG=/usr/bin/pkg-config
ac_cv_path_XGETTEXT=/usr/bin/xgettext
ac_cv_path_install='/usr/bin/install -c'
ac_cv_prog_CPP='gcc -E'
ac_cv_prog_CXXCPP='g++ -E'
ac_cv_prog_ac_ct_AR=ar
ac_cv_prog_ac_ct_CC=gcc
ac_cv_prog_ac_ct_CXX=g++
ac_cv_prog_ac_ct_RANLIB=ranlib
ac_cv_prog_ac_ct_STRIP=strip
ac_cv_prog_cc_g=yes
ac_cv_prog_cc_stdc=
ac_cv_prog_cxx_g=yes
ac_cv_prog_egrep='grep -E'
ac_cv_prog_f77_g=no
ac_cv_prog_make_make_set=yes
ac_cv_search_strerror='none required'
am_cv_prog_cc_stdc=
am_cv_val_LC_MESSAGES=yes
gt_cv_func_dgettext_libc=yes
gt_cv_func_dgettext_libintl=no
gt_cv_have_gettext=yes
lt_cv_deplibs_check_method=pass_all
lt_cv_file_magic_cmd='$MAGIC_CMD'
lt_cv_file_magic_test_file='/lib/libc.so* /lib/libc-*.so'
lt_cv_ld_reload_flag=-r
lt_cv_objdir=.libs
lt_cv_path_LD=/usr/bin/ld
lt_cv_path_LDCXX=/usr/bin/ld
lt_cv_path_NM='/usr/bin/nm -B'
lt_cv_path_SED=/bin/sed
lt_cv_prog_compiler_c_o=yes
lt_cv_prog_compiler_c_o_CXX=yes
lt_cv_prog_compiler_rtti_exceptions=no
lt_cv_prog_gnu_ld=yes
lt_cv_prog_gnu_ldcxx=yes
lt_cv_sys_global_symbol_pipe='sed -n -e '\''s/^.*[ 	]\([ABCDGIRSTW][ABCDGIRSTW]*\)[ 	][ 	]*\(\)\([_A-Za-z][_A-Za-z0-9]*\)$/\1 \2\3 \3/p'\'''
lt_cv_sys_global_symbol_to_c_name_address='sed -n -e '\''s/^: \([^ ]*\) $/  {\"\1\", (lt_ptr) 0},/p'\'' -e '\''s/^[BCDEGRST] \([^ ]*\) \([^ ]*\)$/  {"\2", (lt_ptr) \&\2},/p'\'''
lt_cv_sys_global_symbol_to_cdecl='sed -n -e '\''s/^. .* \(.*\)$/extern int \1;/p'\'''
lt_cv_sys_max_cmd_len=32768
lt_lt_cv_prog_compiler_c_o='"yes"'
lt_lt_cv_prog_compiler_c_o_CXX='"yes"'
lt_lt_cv_sys_global_symbol_pipe='"sed -n -e '\''s/^.*[ 	]\\([ABCDGIRSTW][ABCDGIRSTW]*\\)[ 	][ 	]*\\(\\)\\([_A-Za-z][_A-Za-z0-9]*\\)\$/\\1 \\2\\3 \\3/p'\''"'
lt_lt_cv_sys_global_symbol_to_c_name_address='"sed -n -e '\''s/^: \\([^ ]*\\) \$/  {\\\"\\1\\\", (lt_ptr) 0},/p'\'' -e '\''s/^[BCDEGRST] \\([^ ]*\\) \\([^ ]*\\)\$/  {\"\\2\", (lt_ptr) \\&\\2},/p'\''"'
lt_lt_cv_sys_global_symbol_to_cdecl='"sed -n -e '\''s/^. .* \\(.*\\)\$/extern int \\1;/p'\''"'

## ----------------- ##
## Output variables. ##
## ----------------- ##

ACLOCAL='/home/bruski/projects/firestarter/firestarter-1.0.3/firestarter-1.0.3/missing aclocal-1.4 '
AR='ar'
AUTOCONF='autoconf'
AUTOHEADER='autoheader'
AUTOMAKE='/home/bruski/projects/firestarter/firestarter-1.0.3/firestarter-1.0.3/missing automake-1.4'
CATALOGS=' az.gmo ca.gmo cs.gmo da.gmo de.gmo el.gmo en_CA.gmo en_GB.gmo es.gmo fi.gmo fr.gmo ga.gmo hr.gmo hu.gmo it.gmo ja.gmo ko.gmo lv.gmo ml.gmo nb.gmo nl.gmo no.gmo pa.gmo pl.gmo pt.gmo pt_BR.gmo ro.gmo ru.gmo sk.gmo sq.gmo sr.gmo sr@Latn.gmo sv.gmo tr.gmo uk.gmo vi.gmo zh_CN.gmo zh_TW.gmo'
CATOBJEXT='.gmo'
CC='gcc'
CFLAGS='-g -O2'
CPP='gcc -E'
CPPFLAGS=''
CXX='g++'
CXXCPP='g++ -E'
CXXFLAGS='-g -O2'
DATADIRNAME='share'
DEFS='-DHAVE_CONFIG_H'
ECHO='echo'
ECHO_C=''
ECHO_N='-n'
ECHO_T=''
EGREP='grep -E'
EXEEXT=''
F77=''
FFLAGS=''
FIRESTARTER_CFLAGS='-D_REENTRANT -DORBIT2=1 -pthread -I/usr/include/libgnomeui-2.0 -I/usr/include/gnome-keyring-1 -I/usr/include/libbonoboui-2.0 -I/usr/include/libgnome-2.0 -I/usr/include/libbonobo-2.0 -I/usr/include/bonobo-activation-2.0 -I/usr/include/orbit-2.0 -I/usr/include/libgnomecanvas-2.0 -I/usr/include/gail-1.0 -I/usr/include/libart-2.0 -I/usr/include/gnome-vfs-2.0 -I/usr/lib/i386-linux-gnu/gnome-vfs-2.0/include -I/usr/include/gconf/2 -I/usr/include/dbus-1.0 -I/usr/lib/i386-linux-gnu/dbus-1.0/include -I/usr/include/libglade-2.0 -I/usr/include/gtk-2.0 -I/usr/lib/i386-linux-gnu/gtk-2.0/include -I/usr/include/gio-unix-2.0/ -I/usr/include/cairo -I/usr/include/pango-1.0 -I/usr/include/atk-1.0 -I/usr/include/cairo -I/usr/include/pixman-1 -I/usr/include/libpng16 -I/usr/include/gdk-pixbuf-2.0 -I/usr/include/libpng16 -I/usr/include/pango-1.0 -I/usr/include/harfbuzz -I/usr/include/pango-1.0 -I/usr/include/glib-2.0 -I/usr/lib/i386-linux-gnu/glib-2.0/include -I/usr/include/freetype2 -I/usr/include/libxml2'
FIRESTARTER_LIBS='-lgnomeui-2 -lSM -lICE -lbonoboui-2 -lgnome-2 -lpopt -lbonobo-2 -lbonobo-activation -lORBit-2 -lgnomecanvas-2 -lart_lgpl_2 -lgnomevfs-2 -lgconf-2 -lgthread-2.0 -pthread -lgmodule-2.0 -pthread -lglade-2.0 -lgtk-x11-2.0 -lgdk-x11-2.0 -lpangocairo-1.0 -latk-1.0 -lcairo -lgdk_pixbuf-2.0 -lgio-2.0 -lpangoft2-1.0 -lpango-1.0 -lgobject-2.0 -lglib-2.0 -lfontconfig -lfreetype -lxml2'
GCONFTOOL='/usr/bin/gconftool-2'
GCONF_SCHEMAS_INSTALL_FALSE='#'
GCONF_SCHEMAS_INSTALL_TRUE=''
GCONF_SCHEMA_CONFIG_SOURCE='xml:merged:/etc/gconf/gconf.xml.defaults'
GCONF_SCHEMA_FILE_DIR='$(sysconfdir)/gconf/schemas'
GETTEXT_PACKAGE='firestarter'
GMOFILES=' az.gmo ca.gmo cs.gmo da.gmo de.gmo el.gmo en_CA.gmo en_GB.gmo es.gmo fi.gmo fr.gmo ga.gmo hr.gmo hu.gmo it.gmo ja.gmo ko.gmo lv.gmo ml.gmo nb.gmo nl.gmo no.gmo pa.gmo pl.gmo pt.gmo pt_BR.gmo ro.gmo ru.gmo sk.gmo sq.gmo sr.gmo sr@Latn.gmo sv.gmo tr.gmo uk.gmo vi.gmo zh_CN.gmo zh_TW.gmo'
GMSGFMT='/usr/bin/msgfmt'
INSTALL_DATA='${INSTALL} -m 644'
INSTALL_PROGRAM='${INSTALL}'
INSTALL_SCRIPT='${INSTALL}'
INSTOBJEXT='.mo'
INTLLIBS=''
INTLTOOL_CAVES_RULE='%.caves:     %.caves.in     $(INTLTOOL_MERGE) $(wildcard $(top_srcdir)/po/*.po) ; LC_ALL=C $(INTLTOOL_MERGE) -d -u -c $(top_builddir)/po/.intltool-merge-cache $(top_srcdir)/po $< $@'
INTLTOOL_DESKTOP_RULE='%.desktop:   %.desktop.in   $(INTLTOOL_MERGE) $(wildcard $(top_srcdir)/po/*.po) ; LC_ALL=C $(INTLTOOL_MERGE) -d -u -c $(top_builddir)/po/.intltool-merge-cache $(top_srcdir)/po $< $@'
INTLTOOL_DIRECTORY_RULE='%.directory: %.directory.in $(INTLTOOL_MERGE) $(wildcard $(top_srcdir)/po/*.po) ; LC_ALL=C $(INTLTOOL_MERGE) -d -u -c $(top_builddir)/po/.intltool-merge-cache $(top_srcdir)/po $< $@'
INTLTOOL_EXTRACT='$(top_builddir)/intltool-extract'
INTLTOOL_KBD_RULE='%.kbd:       %.kbd.in       $(INTLTOOL_MERGE) $(wildcard $(top_srcdir)/po/*.po) ; LC_ALL=C $(INTLTOOL_MERGE) -x -u -m -c $(top_builddir)/po/.intltool-merge-cache $(top_srcdir)/po $< $@'
INTLTOOL_KEYS_RULE='%.keys:      %.keys.in      $(INTLTOOL_MERGE) $(wildcard $(top_srcdir)/po/*.po) ; LC_ALL=C $(INTLTOOL_MERGE) -k -u -c $(top_builddir)/po/.intltool-merge-cache $(top_srcdir)/po $< $@'
INTLTOOL_MERGE='$(top_builddir)/intltool-merge'
INTLTOOL_OAF_RULE='%.oaf:       %.oaf.in       $(INTLTOOL_MERGE) $(wildcard $(top_srcdir)/po/*.po) ; LC_ALL=C $(INTLTOOL_MERGE) -o -p $(top_srcdir)/po $< $@'
INTLTOOL_PERL='/usr/bin/perl'
INTLTOOL_PONG_RULE='%.pong:      %.pong.in      $(INTLTOOL_MERGE) $(wildcard $(top_srcdir)/po/*.po) ; LC_ALL=C $(INTLTOOL_MERGE) -x -u -c $(top_builddir)/po/.intltool-merge-cache $(top_srcdir)/po $< $@'
INTLTOOL_PROP_RULE='%.prop:      %.prop.in      $(INTLTOOL_MERGE) $(wildcard $(top_srcdir)/po/*.po) ; LC_ALL=C $(INTLTOOL_MERGE) -d -u -c $(top_builddir)/po/.intltool-merge-cache $(top_srcdir)/po $< $@'
INTLTOOL_SCHEMAS_RULE='%.schemas:   %.schemas.in   $(INTLTOOL_MERGE) $(wildcard $(top_srcdir)/po/*.po) ; LC_ALL=C $(INTLTOOL_MERGE) -s -u -c $(top_builddir)/po/.intltool-merge-cache $(top_srcdir)/po $< $@'
INTLTOOL_SERVER_RULE='%.server:    %.server.in    $(INTLTOOL_MERGE) $(wildcard $(top_srcdir)/po/*.po) ; LC_ALL=C $(INTLTOOL_MERGE) -o -u -c $(top_builddir)/po/.intltool-merge-cache $(top_srcdir)/po $< $@'
INTLTOOL_SHEET_RULE='%.sheet:     %.sheet.in     $(INTLTOOL_MERGE) $(wildcard $(top_srcdir)/po/*.po) ; LC_ALL=C $(INTLTOOL_MERGE) -x -u -c $(top_builddir)/po/.intltool-merge-cache $(top_srcdir)/po $< $@'
INTLTOOL_SOUNDLIST_RULE='%.soundlist: %.soundlist.in $(INTLTOOL_MERGE) $(wildcard $(top_srcdir)/po/*.po) ; LC_ALL=C $(INTLTOOL_MERGE) -d -u -c $(top_builddir)/po/.intltool-merge-cache $(top_srcdir)/po $< $@'
INTLTOOL_THEME_RULE='%.theme:     %.theme.in     $(INTLTOOL_MERGE) $(wildcard $(top_srcdir)/po/*.po) ; LC_ALL=C $(INTLTOOL_MERGE) -d -u -c $(top_builddir)/po/.intltool-merge-cache $(top_srcdir)/po $< $@'
INTLTOOL_UI_RULE='%.ui:        %.ui.in        $(INTLTOOL_MERGE) $(wildcard $(top_srcdir)/po/*.po) ; LC_ALL=C $(INTLTOOL_MERGE) -x -u -c $(top_builddir)/po/.intltool-merge-cache $(top_srcdir)/po $< $@'
INTLTOOL_UPDATE='$(top_builddir)/intltool-update'
INTLTOOL_XAM_RULE='%.xam:       %.xml.in       $(INTLTOOL_MERGE) $(wildcard $(top_srcdir)/po/*.po) ; LC_ALL=C $(INTLTOOL_MERGE) -x -u -c $(top_builddir)/po/.intltool-merge-cache $(top_srcdir)/po $< $@'
INTLTOOL_XML_RULE='%.xml:       %.xml.in       $(INTLTOOL_MERGE) $(wildcard $(top_srcdir)/po/*.po) ; LC_ALL=C $(INTLTOOL_MERGE) -x -u -c $(top_builddir)/po/.intltool-merge-cache $(top_srcdir)/po $< $@'
LDFLAGS=''
LIBOBJS=''
LIBS=''
LIBTOOL='$(SHELL) $(top_builddir)/libtool'
LN_S='ln -s'
LTLIBOBJS=''
MAINT='#'
MAINTAINER_MODE_FALSE=''
MAINTAINER_MODE_TRUE='#'
MAKEINFO='/home/bruski/projects/firestarter/firestarter-1.0.3/firestarter-1.0.3/missing makeinfo'
MKINSTALLDIRS='./mkinstalldirs'
MSGFMT='/usr/bin/msgfmt'
OBJEXT='o'
PACKAGE='firestarter'
PACKAGE_BUGREPORT=''
PACKAGE_NAME=''
PACKAGE_STRING=''
PACKAGE_TARNAME=''
PACKAGE_VERSION=''
PATH_SEPARATOR=':'
PKG_CONFIG='/usr/bin/pkg-config'
POFILES=' az.po ca.po cs.po da.po de.po el.po en_CA.po en_GB.po es.po fi.po fr.po ga.po hr.po hu.po it.po ja.po ko.po lv.po ml.po nb.po nl.po no.po pa.po pl.po pt.po pt_BR.po ro.po ru.po sk.po sq.po sr.po sr@Latn.po sv.po tr.po uk.po vi.po zh_CN.po zh_TW.po'
POSUB='po'
PO_IN_DATADIR_FALSE=''
PO_IN_DATADIR_TRUE=''
RANLIB='ranlib'
SET_MAKE=''
SHELL='/bin/bash'
STRIP='strip'
USE_NLS='yes'
VERSION='1.0.3'
WARN_CFLAGS='-Wall -Wmissing-prototypes '
XGETTEXT='/usr/bin/xgettext'
ac_ct_AR='ar'
ac_ct_CC='gcc'
ac_ct_CXX='g++'
ac_ct_F77=''
ac_ct_RANLIB='ranlib'
ac_ct_STRIP='strip'
bindir='${exec_prefix}/bin'
build='i686-pc-linux-gnu'
build_alias=''
build_cpu='i686'
build_os='linux-gnu'
build_vendor='pc'
datadir='${prefix}/share'
exec_prefix='${prefix}'
host='i686-pc-linux-gnu'
host_alias=''
host_cpu='i686'
host_os='linux-gnu'
host_vendor='pc'
includedir='${prefix}/include'
infodir='${prefix}/info'
libdir='${exec_prefix}/lib'
libexecdir='${exec_prefix}/libexec'
localstatedir='${prefix}/var'
mandir='${prefix}/man'
oldincludedir='/usr/include'
prefix='/usr/local'
program_transform_name='s,x,x,'
sbindir='${exec_prefix}/sbin'
sharedstatedir='${prefix}/com'
sysconfdir='/etc'
target_alias=''

## ----------- ##
## confdefs.h. ##
## ----------- ##

#define ENABLE_NLS 1
#define GETTEXT_PACKAGE "firestarter"
#define HAVE_BIND_TEXTDOMAIN_CODESET 1
#define HAVE_DCGETTEXT 1
#define HAVE_DLFCN_H 1
#define HAVE_GETTEXT 1
#define HAVE_INTTYPES_H 1
#define HAVE_LC_MESSAGES 1
#define HAVE_LOCALE_H 1
#define HAVE_MEMORY_H 1
#define HAVE_STDINT_H 1
#define HAVE_STDLIB_H 1
#define HAVE_STRINGS_H 1
#define HAVE_STRING_H 1
#define HAVE_SYS_STAT_H 1
#define HAVE_SYS_TYPES_H 1
#define HAVE_UNISTD_H 1
#define PACKAGE "firestarter"
#define PACKAGE_BUGREPORT ""
#define PACKAGE_LOCALE_DIR "/usr/local/share/locale"
#define PACKAGE_NAME ""
#define PACKAGE_STRING ""
#define PACKAGE_TARNAME ""
#define PACKAGE_VERSION ""
#define STDC_HEADERS 1
#define VERSION "1.0.3"
#endif
#ifdef __cplusplus
extern "C" void std::exit (int) throw (); using std::exit;

configure: exit 0
